<?xml version="1.0" encoding="UTF-8"?>
<robot generator="Robot 7.0 (Python 3.10.12 on linux)" generated="2024-02-28T09:45:19.923420" rpa="false" schemaversion="5">
<suite id="s1" name="UpgradeImage WebInterface" source="/home/lenovo/Desktop/PFE/Automation-Test-Using-Robot-Framework/VS_codes/tests_Robot_Framework/UpgradeImage_WebInterface.robot">
<test id="s1-t1" name="Opening Browser" line="11">
<kw name="Open Browser" owner="SeleniumLibrary">
<msg time="2024-02-28T09:45:20.232228" level="INFO">Opening browser 'Chrome' to base url 'http://192.168.13.1/cgi-bin/luci/admin/system/flash'.</msg>
<arg>${URL}</arg>
<arg>${BROWSER}</arg>
<doc>Opens a new browser instance to the optional ``url``.</doc>
<status status="PASS" start="2024-02-28T09:45:20.231428" elapsed="1.911657"/>
</kw>
<kw name="Maximize Browser Window" owner="SeleniumLibrary">
<doc>Maximizes current browser window.</doc>
<status status="PASS" start="2024-02-28T09:45:22.144333" elapsed="0.106772"/>
</kw>
<kw name="Input Username">
<kw name="Input Text" owner="SeleniumLibrary">
<msg time="2024-02-28T09:45:22.255646" level="INFO">Typing text 'root' into text field 'id=luci_username'.</msg>
<arg>id=luci_username</arg>
<arg>${username}</arg>
<doc>Types the given ``text`` into the text field identified by ``locator``.</doc>
<status status="PASS" start="2024-02-28T09:45:22.254124" elapsed="0.235537"/>
</kw>
<arg>${USERNAME}</arg>
<status status="PASS" start="2024-02-28T09:45:22.252372" elapsed="0.237697"/>
</kw>
<kw name="Click Login Button">
<kw name="Click Button" owner="SeleniumLibrary">
<msg time="2024-02-28T09:45:22.492716" level="INFO">Clicking button 'class=cbi-button-positive'.</msg>
<arg>class=cbi-button-positive</arg>
<doc>Clicks the button identified by ``locator``.</doc>
<status status="PASS" start="2024-02-28T09:45:22.491900" elapsed="0.600467"/>
</kw>
<status status="PASS" start="2024-02-28T09:45:22.490805" elapsed="0.602256"/>
</kw>
<kw name="Sleep" owner="BuiltIn">
<msg time="2024-02-28T09:45:28.098482" level="INFO">Slept 5 seconds.</msg>
<arg>5s</arg>
<doc>Pauses the test executed for the given time.</doc>
<status status="PASS" start="2024-02-28T09:45:23.096491" elapsed="5.002449"/>
</kw>
<kw name="Click Flash Image Button">
<kw name="Click Button" owner="SeleniumLibrary">
<msg time="2024-02-28T09:45:28.101975" level="INFO">Clicking button 'xpath=//button[contains(text(), 'Flash image...')]'.</msg>
<arg>xpath=//button[contains(text(), 'Flash image...')]</arg>
<doc>Clicks the button identified by ``locator``.</doc>
<status status="PASS" start="2024-02-28T09:45:28.101225" elapsed="0.122109"/>
</kw>
<status status="PASS" start="2024-02-28T09:45:28.100089" elapsed="0.123891"/>
</kw>
<kw name="Click Browse Button">
<kw name="Click Button" owner="SeleniumLibrary">
<msg time="2024-02-28T09:45:28.227530" level="INFO">Clicking button 'xpath=//button[contains(text(), 'Browse…')]'.</msg>
<arg>xpath=//button[contains(text(), 'Browse…')]</arg>
<doc>Clicks the button identified by ``locator``.</doc>
<status status="PASS" start="2024-02-28T09:45:28.226544" elapsed="0.134226"/>
</kw>
<status status="PASS" start="2024-02-28T09:45:28.225213" elapsed="0.136011"/>
</kw>
<kw name="Sleep" owner="BuiltIn">
<msg time="2024-02-28T09:45:30.363188" level="INFO">Slept 2 seconds.</msg>
<arg>2s</arg>
<doc>Pauses the test executed for the given time.</doc>
<status status="PASS" start="2024-02-28T09:45:28.362285" elapsed="2.002474"/>
</kw>
<status status="PASS" start="2024-02-28T09:45:20.228781" elapsed="10.146515"/>
</test>
<test id="s1-t2" name="Running Python Process" line="20">
<kw name="Run Process" owner="Process">
<msg time="2024-02-28T09:45:30.405561" level="INFO">Starting process:
python3 /home/lenovo/Desktop/PFE/Automation-Test-Using-Robot-Framework/VS_codes/tests_Robot_Framework/file_upload.py</msg>
<msg time="2024-02-28T09:45:30.432640" level="INFO">Waiting for process to complete.</msg>
<msg time="2024-02-28T09:45:52.839679" level="INFO">Process completed.</msg>
<arg>python3</arg>
<arg>/home/lenovo/Desktop/PFE/Automation-Test-Using-Robot-Framework/VS_codes/tests_Robot_Framework/file_upload.py</arg>
<doc>Runs a process and waits for it to complete.</doc>
<status status="PASS" start="2024-02-28T09:45:30.392620" elapsed="22.448285"/>
</kw>
<kw name="Sleep" owner="BuiltIn">
<msg time="2024-02-28T09:46:12.845888" level="INFO">Slept 20 seconds.</msg>
<arg>20s</arg>
<doc>Pauses the test executed for the given time.</doc>
<status status="PASS" start="2024-02-28T09:45:52.843392" elapsed="20.004172"/>
</kw>
<status status="PASS" start="2024-02-28T09:45:30.383653" elapsed="42.467189"/>
</test>
<test id="s1-t3" name="Uploading" line="25">
<kw name="Click Upload Button">
<kw name="Click Element" owner="SeleniumLibrary">
<msg time="2024-02-28T09:46:12.879369" level="INFO">Clicking element 'css:div.right button.btn.cbi-button-action.important'.</msg>
<arg>css:div.right button.btn.cbi-button-action.important</arg>
<doc>Click the element identified by ``locator``.</doc>
<status status="PASS" start="2024-02-28T09:46:12.873963" elapsed="0.120605"/>
</kw>
<status status="PASS" start="2024-02-28T09:46:12.866770" elapsed="0.128481"/>
</kw>
<kw name="Sleep" owner="BuiltIn">
<msg time="2024-02-28T09:46:23.000835" level="INFO">Slept 10 seconds.</msg>
<arg>10s</arg>
<doc>Pauses the test executed for the given time.</doc>
<status status="PASS" start="2024-02-28T09:46:12.999551" elapsed="10.002375"/>
</kw>
<kw name="Click Continue Button">
<kw name="Click Element" owner="SeleniumLibrary">
<msg time="2024-02-28T09:46:23.009030" level="INFO">Clicking element 'css:div.right button.btn.cbi-button-action.important'.</msg>
<arg>css:div.right button.btn.cbi-button-action.important</arg>
<doc>Click the element identified by ``locator``.</doc>
<status status="PASS" start="2024-02-28T09:46:23.006188" elapsed="0.095481"/>
</kw>
<status status="PASS" start="2024-02-28T09:46:23.003912" elapsed="0.098462"/>
</kw>
<kw name="Sleep" owner="BuiltIn">
<msg time="2024-02-28T09:49:43.104810" level="INFO">Slept 3 minutes 20 seconds.</msg>
<arg>200s</arg>
<doc>Pauses the test executed for the given time.</doc>
<status status="PASS" start="2024-02-28T09:46:23.103302" elapsed="200.002934"/>
</kw>
<kw name="Close Browser" owner="SeleniumLibrary">
<doc>Closes the current browser.</doc>
<status status="PASS" start="2024-02-28T09:49:43.108710" elapsed="0.147901"/>
</kw>
<status status="PASS" start="2024-02-28T09:46:12.854885" elapsed="210.402536"/>
</test>
<status status="PASS" start="2024-02-28T09:45:19.931993" elapsed="263.326678"/>
</suite>
<statistics>
<total>
<stat pass="3" fail="0" skip="0">All Tests</stat>
</total>
<tag>
</tag>
<suite>
<stat pass="3" fail="0" skip="0" id="s1" name="UpgradeImage WebInterface">UpgradeImage WebInterface</stat>
</suite>
</statistics>
<errors>
</errors>
</robot>
